%!Adobe-FontList 1.18
%Locale:0x409

%BeginFont
Handler:DirectoryHandler
FontType:TrueType
FontName:NotoSans-Bold
FamilyName:Noto Sans
StyleName:Bold
FullName:Noto Sans Bold
MenuName:Noto Sans
StyleBits:2
WritingScript:Roman
OutlineFileName:C:\Users\Archie\Desktop\GitHub\DesignCensus2016\03-Pay\01-Bubbles\Document fonts\NotoSans-Bold.ttf
DataFormat:sfntData
hasSVG:no
FileLength:310556
FileModTime:1498934428
WeightClass:700
WidthClass:5
AngleClass:0
NameArray:0,Win,1,Noto Sans
%EndFont

%BeginFont
Handler:DirectoryHandler
FontType:TrueType
FontName:NotoSans
FamilyName:Noto Sans
StyleName:Regular
FullName:Noto Sans
MenuName:Noto Sans
StyleBits:0
WritingScript:Roman
OutlineFileName:C:\Users\Archie\Desktop\GitHub\DesignCensus2016\03-Pay\01-Bubbles\Document fonts\NotoSans-Regular.ttf
DataFormat:sfntData
hasSVG:no
FileLength:305872
FileModTime:1498934428
WeightClass:400
WidthClass:5
AngleClass:0
NameArray:0,Win,1,Noto Sans
%EndFont

