%!Adobe-FontList 1.18
%Locale:0x409

%BeginFont
Handler:DirectoryHandler
FontType:TrueType
FontName:NotoSans-Bold
FamilyName:Noto Sans
StyleName:Bold
FullName:Noto Sans Bold
MenuName:Noto Sans
StyleBits:2
WritingScript:Roman
OutlineFileName:C:\Users\bagnall\Downloads\England\Census\04-Diversity_and_Inclusion\Gender-Cover-V1 Folder\00 - Working Files\Document fonts\NotoSans-Bold.ttf
DataFormat:sfntData
hasSVG:no
FileLength:310556
FileModTime:1500571949
WeightClass:700
WidthClass:5
AngleClass:0
NameArray:0,Win,1,Noto Sans
%EndFont

